#
# There is insufficient memory for the Java Runtime Environment to continue.
# Native memory allocation (malloc) failed to allocate 1259856 bytes for Chunk::new
# Possible reasons:
#   The system is out of physical RAM or swap space
#   In 32 bit mode, the process size limit was hit
# Possible solutions:
#   Reduce memory load on the system
#   Increase physical memory or swap space
#   Check if swap backing store is full
#   Use 64 bit Java on a 64 bit OS
#   Decrease Java heap size (-Xmx/-Xms)
#   Decrease number of Java threads
#   Decrease Java thread stack sizes (-Xss)
#   Set larger code cache with -XX:ReservedCodeCacheSize=
# This output file may be truncated or incomplete.
#
#  Out of Memory Error (allocation.cpp:390), pid=26448, tid=0x00000000000022cc
#
# JRE version: Java(TM) SE Runtime Environment (8.0_171-b11) (build 1.8.0_171-b11)
# Java VM: Java HotSpot(TM) 64-Bit Server VM (25.171-b11 mixed mode windows-amd64 compressed oops)
# Failed to write core dump. Minidumps are not enabled by default on client versions of Windows
#

---------------  T H R E A D  ---------------

Current thread (0x0000000018bb3800):  JavaThread "C2 CompilerThread2" daemon [_thread_in_native, id=8908, stack(0x000000001a350000,0x000000001a450000)]

Stack: [0x000000001a350000,0x000000001a450000]
[error occurred during error reporting (printing stack bounds), id 0xc0000005]

Native frames: (J=compiled Java code, j=interpreted, Vv=VM code, C=native code)


Current CompileTask:
C2:   3822 1508       4       java.net.URLClassLoader$1::run (5 bytes)


---------------  P R O C E S S  ---------------

Java Threads: ( => current thread )
  0x000000001c372800 JavaThread "Cache worker for file hash cache (C:\Users\D175\.gradle\caches\6.1.1\fileHashes)" [_thread_blocked, id=21180, stack(0x000000001e4f0000,0x000000001e5f0000)]
  0x000000001c377000 JavaThread "File lock request listener" [_thread_in_native, id=27880, stack(0x000000001e1f0000,0x000000001e2f0000)]
  0x000000001c370800 JavaThread "Cache worker for journal cache (C:\Users\D175\.gradle\caches\journal-1)" [_thread_blocked, id=20388, stack(0x000000001e0f0000,0x000000001e1f0000)]
  0x000000001c249000 JavaThread "Thread-9" [_thread_blocked, id=35144, stack(0x000000001ddf0000,0x000000001def0000)]
  0x000000001c242000 JavaThread "Stdin handler" [_thread_blocked, id=19200, stack(0x000000001dcf0000,0x000000001ddf0000)]
  0x000000001c1f2000 JavaThread "Asynchronous log dispatcher for DefaultDaemonConnection: socket connection from /127.0.0.1:28861 to /127.0.0.1:28862" [_thread_blocked, id=35212, stack(0x000000001dbf0000,0x000000001dcf0000)]
  0x000000001c1f9000 JavaThread "Daemon worker" [_thread_in_vm, id=29260, stack(0x000000001daf0000,0x000000001dbf0000)]
  0x000000001c33c000 JavaThread "Cancel handler" [_thread_blocked, id=8332, stack(0x000000001d8f0000,0x000000001d9f0000)]
  0x000000001bf1a000 JavaThread "Handler for socket connection from /127.0.0.1:28861 to /127.0.0.1:28862" [_thread_in_native, id=17176, stack(0x000000001d5f0000,0x000000001d6f0000)]
  0x000000001c171000 JavaThread "Daemon" [_thread_blocked, id=13536, stack(0x000000001d4f0000,0x000000001d5f0000)]
  0x000000001c16d800 JavaThread "Daemon periodic checks" [_thread_blocked, id=12300, stack(0x000000001d3f0000,0x000000001d4f0000)]
  0x000000001c168000 JavaThread "Incoming local TCP Connector on port 28861" [_thread_in_native, id=5064, stack(0x000000001d210000,0x000000001d310000)]
  0x000000001c06b800 JavaThread "Daemon health stats" [_thread_blocked, id=24100, stack(0x000000001cef0000,0x000000001cff0000)]
  0x0000000018c11000 JavaThread "Service Thread" daemon [_thread_blocked, id=20776, stack(0x000000001a550000,0x000000001a650000)]
  0x0000000018be1800 JavaThread "C1 CompilerThread3" daemon [_thread_blocked, id=15724, stack(0x000000001a450000,0x000000001a550000)]
=>0x0000000018bb3800 JavaThread "C2 CompilerThread2" daemon [_thread_in_native, id=8908, stack(0x000000001a350000,0x000000001a450000)]
  0x0000000018bb1000 JavaThread "C2 CompilerThread1" daemon [_thread_in_native, id=4384, stack(0x000000001a250000,0x000000001a350000)]
  0x000000001746b000 JavaThread "C2 CompilerThread0" daemon [_thread_blocked, id=33020, stack(0x000000001a150000,0x000000001a250000)]
  0x0000000018b57000 JavaThread "Attach Listener" daemon [_thread_blocked, id=14144, stack(0x000000001a050000,0x000000001a150000)]
  0x0000000018b3e800 JavaThread "Signal Dispatcher" daemon [_thread_blocked, id=18648, stack(0x0000000019f50000,0x000000001a050000)]
  0x0000000018b33000 JavaThread "Finalizer" daemon [_thread_blocked, id=15848, stack(0x0000000019db0000,0x0000000019eb0000)]
  0x000000001745d800 JavaThread "Reference Handler" daemon [_thread_blocked, id=17812, stack(0x0000000019cb0000,0x0000000019db0000)]
  0x000000000339e800 JavaThread "main" [_thread_blocked, id=9400, stack(0x0000000003270000,0x0000000003370000)]

Other Threads:
  0x0000000018b12800 VMThread [stack: 0x0000000019bb0000,0x0000000019cb0000] [id=31472]
  0x0000000018b58800 WatcherThread [stack: 0x000000001a650000,0x000000001a750000] [id=30424]

VM state:not at safepoint (normal execution)

VM Mutex/Monitor currently owned by a thread:  ([mutex/lock_event])
[0x00000000033a0a50] SystemDictionary_lock - owner thread: 0x0000000000000000

Heap:
 PSYoungGen      total 152576K, used 49272K [0x00000000e0000000, 0x00000000eaa00000, 0x0000000100000000)
  eden space 131072K, 29% used [0x00000000e0000000,0x00000000e256ede0,0x00000000e8000000)
  from space 21504K, 50% used [0x00000000e8000000,0x00000000e8aaf238,0x00000000e9500000)
  to   space 21504K, 0% used [0x00000000e9500000,0x00000000e9500000,0x00000000eaa00000)
 ParOldGen       total 348160K, used 16K [0x00000000a0000000, 0x00000000b5400000, 0x00000000e0000000)
  object space 348160K, 0% used [0x00000000a0000000,0x00000000a0004000,0x00000000b5400000)
 Metaspace       used 16153K, capacity 16572K, committed 16768K, reserved 1064960K
  class space    used 2247K, capacity 2384K, committed 2432K, reserved 1048576K

Card table byte_map: [0x0000000012860000,0x0000000012b70000] byte_map_base: 0x0000000012360000

Marking Bits: (ParMarkBitMap*) 0x0000000077f808c0
 Begin Bits: [0x0000000013770000, 0x0000000014f70000)
 End Bits:   [0x0000000014f70000, 0x0000000016770000)

Polling page: 0x00000000011a0000

CodeCache: size=245760Kb used=5506Kb max_used=5506Kb free=240253Kb
 bounds [0x00000000034a0000, 0x0000000003a10000, 0x00000000124a0000]
 total_blobs=1942 nmethods=1547 adapters=307
 compilation: enabled

Compilation events (10 events):
Event: 3.814 Thread 0x0000000018be1800 1546       3       java.lang.Class::isAnnotation (17 bytes)
Event: 3.814 Thread 0x0000000018be1800 nmethod 1546 0x00000000039fbf10 code [0x00000000039fc080, 0x00000000039fc2e8]
Event: 3.814 Thread 0x0000000018be1800 1547       1       java.util.Collections$EmptyList::isEmpty (2 bytes)
Event: 3.814 Thread 0x0000000018be1800 nmethod 1547 0x00000000039fbc50 code [0x00000000039fbda0, 0x00000000039fbeb0]
Event: 3.815 Thread 0x0000000018be1800 1549       3       org.gradle.internal.service.DefaultServiceRegistry$SingletonService::getService (18 bytes)
Event: 3.815 Thread 0x0000000018be1800 nmethod 1549 0x00000000039fb3d0 code [0x00000000039fb560, 0x00000000039fb7d8]
Event: 3.815 Thread 0x0000000018be1800 1550       3       org.gradle.internal.service.DefaultServiceRegistry::access$1200 (6 bytes)
Event: 3.815 Thread 0x0000000018be1800 nmethod 1550 0x0000000003a027d0 code [0x0000000003a02940, 0x0000000003a02aa8]
Event: 3.821 Thread 0x0000000018be1800 1551       3       java.lang.Throwable::<init> (39 bytes)
Event: 3.821 Thread 0x0000000018be1800 nmethod 1551 0x0000000003a02b50 code [0x0000000003a02cc0, 0x0000000003a02fc8]

GC Heap History (2 events):
Event: 3.614 GC heap before
{Heap before GC invocations=1 (full 0):
 PSYoungGen      total 152576K, used 131072K [0x00000000e0000000, 0x00000000eaa00000, 0x0000000100000000)
  eden space 131072K, 100% used [0x00000000e0000000,0x00000000e8000000,0x00000000e8000000)
  from space 21504K, 0% used [0x00000000e9500000,0x00000000e9500000,0x00000000eaa00000)
  to   space 21504K, 0% used [0x00000000e8000000,0x00000000e8000000,0x00000000e9500000)
 ParOldGen       total 348160K, used 0K [0x00000000a0000000, 0x00000000b5400000, 0x00000000e0000000)
  object space 348160K, 0% used [0x00000000a0000000,0x00000000a0000000,0x00000000b5400000)
 Metaspace       used 12897K, capacity 13262K, committed 13568K, reserved 1060864K
  class space    used 1807K, capacity 1921K, committed 2048K, reserved 1048576K
Event: 3.622 GC heap after
Heap after GC invocations=1 (full 0):
 PSYoungGen      total 152576K, used 10940K [0x00000000e0000000, 0x00000000eaa00000, 0x0000000100000000)
  eden space 131072K, 0% used [0x00000000e0000000,0x00000000e0000000,0x00000000e8000000)
  from space 21504K, 50% used [0x00000000e8000000,0x00000000e8aaf238,0x00000000e9500000)
  to   space 21504K, 0% used [0x00000000e9500000,0x00000000e9500000,0x00000000eaa00000)
 ParOldGen       total 348160K, used 16K [0x00000000a0000000, 0x00000000b5400000, 0x00000000e0000000)
  object space 348160K, 0% used [0x00000000a0000000,0x00000000a0004000,0x00000000b5400000)
 Metaspace       used 12897K, capacity 13262K, committed 13568K, reserved 1060864K
  class space    used 1807K, capacity 1921K, committed 2048K, reserved 1048576K
}

Deoptimization events (10 events):
Event: 3.541 Thread 0x000000001c1f9000 Uncommon trap: reason=bimorphic action=maybe_recompile pc=0x0000000003782b98 method=java.util.HashMap.putVal(ILjava/lang/Object;Ljava/lang/Object;ZZ)Ljava/lang/Object; @ 253
Event: 3.541 Thread 0x000000001c1f9000 Uncommon trap: reason=bimorphic action=maybe_recompile pc=0x0000000003782b98 method=java.util.HashMap.putVal(ILjava/lang/Object;Ljava/lang/Object;ZZ)Ljava/lang/Object; @ 253
Event: 3.541 Thread 0x000000001c1f9000 Uncommon trap: reason=bimorphic action=maybe_recompile pc=0x0000000003782b98 method=java.util.HashMap.putVal(ILjava/lang/Object;Ljava/lang/Object;ZZ)Ljava/lang/Object; @ 253
Event: 3.541 Thread 0x000000001c1f9000 Uncommon trap: reason=bimorphic action=maybe_recompile pc=0x000000000378762c method=java.util.HashMap.putVal(ILjava/lang/Object;Ljava/lang/Object;ZZ)Ljava/lang/Object; @ 253
Event: 3.625 Thread 0x0000000018b33000 Uncommon trap: reason=unstable_if action=reinterpret pc=0x00000000039249dc method=java.lang.ref.ReferenceQueue.poll()Ljava/lang/ref/Reference; @ 4
Event: 3.678 Thread 0x000000001c1f9000 Uncommon trap: reason=class_check action=maybe_recompile pc=0x00000000037da458 method=java.util.regex.Matcher.match(II)Z @ 86
Event: 3.678 Thread 0x000000001c1f9000 Uncommon trap: reason=class_check action=maybe_recompile pc=0x00000000037da458 method=java.util.regex.Matcher.match(II)Z @ 86
Event: 3.678 Thread 0x000000001c1f9000 Uncommon trap: reason=class_check action=maybe_recompile pc=0x00000000037da458 method=java.util.regex.Matcher.match(II)Z @ 86
Event: 3.678 Thread 0x000000001c1f9000 Uncommon trap: reason=class_check action=maybe_recompile pc=0x0000000003655bdc method=java.util.regex.Matcher.match(II)Z @ 86
Event: 3.817 Thread 0x000000001c1f9000 Uncommon trap: reason=unstable_if action=reinterpret pc=0x00000000037d8b4c method=java.io.File.getName()Ljava/lang/String; @ 16

Classes redefined (0 events):
No events

Internal exceptions (10 events):
Event: 3.508 Thread 0x000000001bf1a000 Exception <a 'java/lang/NoSuchMethodError': <clinit>> (0x00000000e69290d8) thrown at [C:\re\workspace\8-2-build-windows-amd64-cygwin\jdk8u171\10807\hotspot\src\share\vm\prims\jni.cpp, line 1613]
Event: 3.508 Thread 0x000000001bf1a000 Exception <a 'java/lang/NoSuchMethodError': <clinit>> (0x00000000e693eb48) thrown at [C:\re\workspace\8-2-build-windows-amd64-cygwin\jdk8u171\10807\hotspot\src\share\vm\prims\jni.cpp, line 1613]
Event: 3.510 Thread 0x000000001bf1a000 Exception <a 'java/lang/NoSuchMethodError': <clinit>> (0x00000000e6951c30) thrown at [C:\re\workspace\8-2-build-windows-amd64-cygwin\jdk8u171\10807\hotspot\src\share\vm\prims\jni.cpp, line 1613]
Event: 3.512 Thread 0x000000001bf1a000 Exception <a 'java/lang/NoSuchMethodError': <clinit>> (0x00000000e6978d38) thrown at [C:\re\workspace\8-2-build-windows-amd64-cygwin\jdk8u171\10807\hotspot\src\share\vm\prims\jni.cpp, line 1613]
Event: 3.513 Thread 0x000000001bf1a000 Exception <a 'java/lang/NoSuchMethodError': <clinit>> (0x00000000e6990db8) thrown at [C:\re\workspace\8-2-build-windows-amd64-cygwin\jdk8u171\10807\hotspot\src\share\vm\prims\jni.cpp, line 1613]
Event: 3.514 Thread 0x000000001bf1a000 Exception <a 'java/lang/NoSuchMethodError': <clinit>> (0x00000000e6999840) thrown at [C:\re\workspace\8-2-build-windows-amd64-cygwin\jdk8u171\10807\hotspot\src\share\vm\prims\jni.cpp, line 1613]
Event: 3.515 Thread 0x000000001bf1a000 Exception <a 'java/lang/NoSuchMethodError': <clinit>> (0x00000000e69afcd8) thrown at [C:\re\workspace\8-2-build-windows-amd64-cygwin\jdk8u171\10807\hotspot\src\share\vm\prims\jni.cpp, line 1613]
Event: 3.522 Thread 0x000000001bf1a000 Exception <a 'java/lang/NoSuchMethodError': <clinit>> (0x00000000e6a195c0) thrown at [C:\re\workspace\8-2-build-windows-amd64-cygwin\jdk8u171\10807\hotspot\src\share\vm\prims\jni.cpp, line 1613]
Event: 3.524 Thread 0x000000001bf1a000 Exception <a 'java/lang/NoSuchMethodError': <clinit>> (0x00000000e6a46160) thrown at [C:\re\workspace\8-2-build-windows-amd64-cygwin\jdk8u171\10807\hotspot\src\share\vm\prims\jni.cpp, line 1613]
Event: 3.525 Thread 0x000000001bf1a000 Exception <a 'java/lang/NoSuchMethodError': <clinit>> (0x00000000e6a63db8) thrown at [C:\re\workspace\8-2-build-windows-amd64-cygwin\jdk8u171\10807\hotspot\src\share\vm\prims\jni.cpp, line 1613]

Events (10 events):
Event: 3.821 loading class com/google/common/io/ByteSource$ByteArrayByteSource
Event: 3.821 loading class com/google/common/io/ByteSource$ByteArrayByteSource done
Event: 3.821 loading class com/google/common/io/ByteSource$EmptyByteSource
Event: 3.821 loading class com/google/common/io/ByteSource$EmptyByteSource done
Event: 3.821 loading class com/google/common/io/CharSource
Event: 3.821 loading class com/google/common/io/CharSource done
Event: 3.821 loading class com/google/common/io/ByteSource$AsCharSource
Event: 3.821 loading class com/google/common/io/ByteSource$AsCharSource done
Event: 3.821 loading class com/google/common/io/CharSource$ConcatenatedCharSource
Event: 3.821 loading class com/google/common/io/CharSource$ConcatenatedCharSource done


Dynamic libraries:
0x00007ff698200000 - 0x00007ff698237000 	C:\Program Files\Java\jdk1.8.0_171\bin\java.exe
0x00007ffe41ec0000 - 0x00007ffe420b0000 	C:\WINDOWS\SYSTEM32\ntdll.dll
0x00007ffe40e50000 - 0x00007ffe40f02000 	C:\WINDOWS\System32\KERNEL32.DLL
0x00007ffe3f290000 - 0x00007ffe3f533000 	C:\WINDOWS\System32\KERNELBASE.dll
0x00007ffe413c0000 - 0x00007ffe41463000 	C:\WINDOWS\System32\ADVAPI32.dll
0x00007ffe401b0000 - 0x00007ffe4024e000 	C:\WINDOWS\System32\msvcrt.dll
0x00007ffe40110000 - 0x00007ffe401a7000 	C:\WINDOWS\System32\sechost.dll
0x00007ffe40960000 - 0x00007ffe40a80000 	C:\WINDOWS\System32\RPCRT4.dll
0x00007ffe3ff70000 - 0x00007ffe40104000 	C:\WINDOWS\System32\USER32.dll
0x00007ffe3ee50000 - 0x00007ffe3ee71000 	C:\WINDOWS\System32\win32u.dll
0x00007ffe40bc0000 - 0x00007ffe40be6000 	C:\WINDOWS\System32\GDI32.dll
0x00007ffe3eea0000 - 0x00007ffe3f034000 	C:\WINDOWS\System32\gdi32full.dll
0x00007ffe3f0f0000 - 0x00007ffe3f18e000 	C:\WINDOWS\System32\msvcp_win.dll
0x00007ffe3f190000 - 0x00007ffe3f28a000 	C:\WINDOWS\System32\ucrtbase.dll
0x00007ffe2c080000 - 0x00007ffe2c305000 	C:\WINDOWS\WinSxS\amd64_microsoft.windows.common-controls_6595b64144ccf1df_6.0.18362.592_none_e6c0b1911312be02\COMCTL32.dll
0x00007ffe41080000 - 0x00007ffe413b6000 	C:\WINDOWS\System32\combase.dll
0x00007ffe3fef0000 - 0x00007ffe3ff70000 	C:\WINDOWS\System32\bcryptPrimitives.dll
0x00007ffe40e20000 - 0x00007ffe40e4e000 	C:\WINDOWS\System32\IMM32.DLL
0x0000000050580000 - 0x0000000050652000 	C:\Program Files\Java\jdk1.8.0_171\jre\bin\msvcr100.dll
0x0000000077760000 - 0x0000000078000000 	C:\Program Files\Java\jdk1.8.0_171\jre\bin\server\jvm.dll
0x00007ffe40f90000 - 0x00007ffe40f98000 	C:\WINDOWS\System32\PSAPI.DLL
0x00007ffe3ba30000 - 0x00007ffe3ba54000 	C:\WINDOWS\SYSTEM32\WINMM.dll
0x00007ffe39690000 - 0x00007ffe3969a000 	C:\WINDOWS\SYSTEM32\VERSION.dll
0x00007ffe2f6e0000 - 0x00007ffe2f6e9000 	C:\WINDOWS\SYSTEM32\WSOCK32.dll
0x00007ffe41cc0000 - 0x00007ffe41d2f000 	C:\WINDOWS\System32\WS2_32.dll
0x00007ffe3ba00000 - 0x00007ffe3ba2d000 	C:\WINDOWS\SYSTEM32\winmmbase.dll
0x00007ffe3fea0000 - 0x00007ffe3feea000 	C:\WINDOWS\System32\cfgmgr32.dll
0x0000000052450000 - 0x000000005245f000 	C:\Program Files\Java\jdk1.8.0_171\jre\bin\verify.dll
0x0000000052420000 - 0x0000000052449000 	C:\Program Files\Java\jdk1.8.0_171\jre\bin\java.dll
0x0000000052400000 - 0x0000000052416000 	C:\Program Files\Java\jdk1.8.0_171\jre\bin\zip.dll
0x00007ffe41470000 - 0x00007ffe41b55000 	C:\WINDOWS\System32\SHELL32.dll
0x00007ffe41b60000 - 0x00007ffe41c09000 	C:\WINDOWS\System32\shcore.dll
0x00007ffe3f720000 - 0x00007ffe3fe9f000 	C:\WINDOWS\System32\windows.storage.dll
0x00007ffe3ede0000 - 0x00007ffe3edff000 	C:\WINDOWS\System32\profapi.dll
0x00007ffe3ee00000 - 0x00007ffe3ee4a000 	C:\WINDOWS\System32\powrprof.dll
0x00007ffe3ed90000 - 0x00007ffe3eda0000 	C:\WINDOWS\System32\UMPDC.dll
0x00007ffe408e0000 - 0x00007ffe40932000 	C:\WINDOWS\System32\shlwapi.dll
0x00007ffe3eda0000 - 0x00007ffe3edb1000 	C:\WINDOWS\System32\kernel.appcore.dll
0x00007ffe3ee80000 - 0x00007ffe3ee97000 	C:\WINDOWS\System32\cryptsp.dll
0x0000000050550000 - 0x000000005056a000 	C:\Program Files\Java\jdk1.8.0_171\jre\bin\net.dll
0x00007ffe3e600000 - 0x00007ffe3e667000 	C:\WINDOWS\system32\mswsock.dll
0x0000000050530000 - 0x0000000050541000 	C:\Program Files\Java\jdk1.8.0_171\jre\bin\nio.dll
0x00007ffe2b260000 - 0x00007ffe2b286000 	C:\Users\D175\.gradle\native\31\windows-amd64\native-platform.dll
0x0000000050570000 - 0x000000005057d000 	C:\Program Files\Java\jdk1.8.0_171\jre\bin\management.dll
0x00007ffe3e170000 - 0x00007ffe3e1a3000 	C:\WINDOWS\system32\rsaenh.dll
0x00007ffe3f690000 - 0x00007ffe3f6b6000 	C:\WINDOWS\System32\bcrypt.dll
0x00007ffe3ec80000 - 0x00007ffe3eca5000 	C:\WINDOWS\SYSTEM32\USERENV.dll
0x00007ffe3e7d0000 - 0x00007ffe3e7dc000 	C:\WINDOWS\SYSTEM32\CRYPTBASE.dll
0x00007ffe3e310000 - 0x00007ffe3e34a000 	C:\WINDOWS\SYSTEM32\IPHLPAPI.DLL
0x00007ffe40940000 - 0x00007ffe40948000 	C:\WINDOWS\System32\NSI.dll
0x00007ffe38920000 - 0x00007ffe38936000 	C:\WINDOWS\SYSTEM32\dhcpcsvc6.DLL
0x00007ffe38d20000 - 0x00007ffe38d3c000 	C:\WINDOWS\SYSTEM32\dhcpcsvc.DLL
0x00007ffe3e350000 - 0x00007ffe3e41a000 	C:\WINDOWS\SYSTEM32\DNSAPI.dll

VM Arguments:
jvm_args: -Xmx1536m -Dfile.encoding=x-windows-949 -Duser.country=KR -Duser.language=ko -Duser.variant 
java_command: org.gradle.launcher.daemon.bootstrap.GradleDaemon 6.1.1
java_class_path (initial): C:\Users\D175\.gradle\wrapper\dists\gradle-6.1.1-all\cfmwm155h49vnt3hynmlrsdst\gradle-6.1.1\lib\gradle-launcher-6.1.1.jar
Launcher Type: SUN_STANDARD

Environment Variables:
JAVA_HOME=C:\Program Files\Java\jdk1.8.0_171
USERNAME=D175
DISPLAY=:0
OS=Windows_NT
PROCESSOR_IDENTIFIER=Intel64 Family 6 Model 158 Stepping 10, GenuineIntel



---------------  S Y S T E M  ---------------

OS: Windows 10.0 , 64 bit Build 18362 (10.0.18362.329)

CPU:total 12 (initial active 12) (6 cores per cpu, 2 threads per core) family 6 model 158 stepping 10, cmov, cx8, fxsr, mmx, sse, sse2, sse3, ssse3, sse4.1, sse4.2, popcnt, avx, avx2, aes, clmul, erms, rtm, 3dnowpref, lzcnt, ht, tsc, tscinvbit, bmi1, bmi2, adx

Memory: 4k page, physical 33400696k(17093492k free), swap 134063992k(5252k free)

vm_info: Java HotSpot(TM) 64-Bit Server VM (25.171-b11) for windows-amd64 JRE (1.8.0_171-b11), built on Mar 28 2018 16:06:12 by "java_re" with MS VC++ 10.0 (VS2010)

time: Thu Aug 20 16:48:02 2020
elapsed time: 3 seconds (0d 0h 0m 3s)

